::1 - - [15/Jun/2023:21:59:49 +0000] "GET /api/v1/products HTTP/1.1" 200 1738 "-" "PostmanRuntime/7.32.3"
::1 - - [15/Jun/2023:21:59:57 +0000] "GET /api/v1/products HTTP/1.1" 200 1738 "-" "PostmanRuntime/7.32.3"
::1 - - [15/Jun/2023:22:00:13 +0000] "GET /api/v1/products HTTP/1.1" 200 1738 "-" "PostmanRuntime/7.32.3"
::1 - - [16/Jun/2023:07:47:34 +0000] "GET /api/v1/me HTTP/1.1" 200 218 "-" "PostmanRuntime/7.32.3"
::1 - - [16/Jun/2023:07:47:47 +0000] "GET /api/v1/logout HTTP/1.1" 200 53 "-" "PostmanRuntime/7.32.3"
::1 - - [16/Jun/2023:07:47:51 +0000] "GET /api/v1/me HTTP/1.1" 401 67 "-" "PostmanRuntime/7.32.3"
::1 - - [16/Jun/2023:07:48:04 +0000] "POST /api/v1/login HTTP/1.1" 200 474 "-" "PostmanRuntime/7.32.3"
::1 - - [16/Jun/2023:07:48:09 +0000] "GET /api/v1/me HTTP/1.1" 200 218 "-" "PostmanRuntime/7.32.3"
::1 - - [16/Jun/2023:07:57:03 +0000] "PUT /api/v1/password/update HTTP/1.1" 500 69 "-" "PostmanRuntime/7.32.3"
::1 - - [16/Jun/2023:07:57:12 +0000] "PUT /api/v1/password/update HTTP/1.1" 500 69 "-" "PostmanRuntime/7.32.3"
::1 - - [16/Jun/2023:07:57:50 +0000] "PUT /api/v1/password/update HTTP/1.1" 500 66 "-" "PostmanRuntime/7.32.3"
::1 - - [16/Jun/2023:07:57:57 +0000] "PUT /api/v1/password/update HTTP/1.1" 500 66 "-" "PostmanRuntime/7.32.3"
::1 - - [16/Jun/2023:07:58:20 +0000] "PUT /api/v1/password/update HTTP/1.1" 500 66 "-" "PostmanRuntime/7.32.3"
::1 - - [16/Jun/2023:07:58:37 +0000] "PUT /api/v1/password/update HTTP/1.1" 500 904 "-" "PostmanRuntime/7.32.3"
::1 - - [16/Jun/2023:07:59:42 +0000] "PUT /api/v1/password/update HTTP/1.1" 500 630 "-" "PostmanRuntime/7.32.3"
::1 - - [16/Jun/2023:08:00:03 +0000] "PUT /api/v1/password/update HTTP/1.1" 500 92 "-" "PostmanRuntime/7.32.3"
::1 - - [16/Jun/2023:08:01:33 +0000] "PUT /api/v1/password/update HTTP/1.1" 400 54 "-" "PostmanRuntime/7.32.3"
::1 - - [16/Jun/2023:08:01:42 +0000] "PUT /api/v1/password/update HTTP/1.1" 400 56 "-" "PostmanRuntime/7.32.3"
::1 - - [16/Jun/2023:08:01:46 +0000] "PUT /api/v1/password/update HTTP/1.1" 400 54 "-" "PostmanRuntime/7.32.3"
::1 - - [16/Jun/2023:08:02:06 +0000] "PUT /api/v1/password/update HTTP/1.1" 500 117 "-" "PostmanRuntime/7.32.3"
::1 - - [16/Jun/2023:08:02:19 +0000] "PUT /api/v1/password/update HTTP/1.1" 200 474 "-" "PostmanRuntime/7.32.3"
::1 - - [16/Jun/2023:08:02:32 +0000] "POST /api/v1/login HTTP/1.1" 401 56 "-" "PostmanRuntime/7.32.3"
::1 - - [16/Jun/2023:08:02:38 +0000] "GET /api/v1/me HTTP/1.1" 200 218 "-" "PostmanRuntime/7.32.3"
::1 - - [16/Jun/2023:08:02:43 +0000] "GET /api/v1/logout HTTP/1.1" 200 53 "-" "PostmanRuntime/7.32.3"
::1 - - [16/Jun/2023:08:02:54 +0000] "GET /api/v1/me HTTP/1.1" 401 67 "-" "PostmanRuntime/7.32.3"
::1 - - [16/Jun/2023:08:02:57 +0000] "POST /api/v1/login HTTP/1.1" 401 56 "-" "PostmanRuntime/7.32.3"
::1 - - [16/Jun/2023:08:03:05 +0000] "POST /api/v1/login HTTP/1.1" 200 474 "-" "PostmanRuntime/7.32.3"
::1 - - [16/Jun/2023:08:03:07 +0000] "GET /api/v1/me HTTP/1.1" 200 218 "-" "PostmanRuntime/7.32.3"
::1 - - [16/Jun/2023:09:55:09 +0000] "GET /api/v1/me/update HTTP/1.1" 404 155 "-" "PostmanRuntime/7.32.3"
::1 - - [16/Jun/2023:09:55:19 +0000] "PUT /api/v1/me/update HTTP/1.1" 200 16 "-" "PostmanRuntime/7.32.3"
::1 - - [16/Jun/2023:09:56:25 +0000] "PUT /api/v1/me/update HTTP/1.1" 200 16 "-" "PostmanRuntime/7.32.3"
::1 - - [16/Jun/2023:09:57:14 +0000] "POST /api/v1/login HTTP/1.1" 401 56 "-" "PostmanRuntime/7.32.3"
::1 - - [16/Jun/2023:09:57:20 +0000] "POST /api/v1/login HTTP/1.1" 200 469 "-" "PostmanRuntime/7.32.3"
::1 - - [16/Jun/2023:09:58:21 +0000] "PUT /api/v1/me/update HTTP/1.1" 200 16 "-" "PostmanRuntime/7.32.3"
::1 - - [16/Jun/2023:09:58:24 +0000] "POST /api/v1/login HTTP/1.1" 200 473 "-" "PostmanRuntime/7.32.3"
::1 - - [16/Jun/2023:09:58:32 +0000] "PUT /api/v1/me/update HTTP/1.1" 200 16 "-" "PostmanRuntime/7.32.3"
::1 - - [16/Jun/2023:09:58:34 +0000] "PUT /api/v1/me/update HTTP/1.1" 200 16 "-" "PostmanRuntime/7.32.3"
::1 - - [16/Jun/2023:09:58:38 +0000] "POST /api/v1/login HTTP/1.1" 200 473 "-" "PostmanRuntime/7.32.3"
::1 - - [16/Jun/2023:11:56:28 +0000] "GET /api/v1/admin/users HTTP/1.1" 403 81 "-" "PostmanRuntime/7.32.3"
::1 - - [16/Jun/2023:11:57:42 +0000] "GET /api/v1/admin/users HTTP/1.1" 200 613 "-" "PostmanRuntime/7.32.3"
::1 - - [16/Jun/2023:11:58:52 +0000] "GET /api/v1/admin/user/6488200b88fcb373c67de6c2 HTTP/1.1" 200 412 "-" "PostmanRuntime/7.32.3"
::1 - - [16/Jun/2023:14:15:12 +0000] "GET /api/v1/admin/user/6488200b88fcb373c67de6c2 HTTP/1.1" 200 412 "-" "PostmanRuntime/7.32.3"
::1 - - [16/Jun/2023:14:16:10 +0000] "POST /api/v1/register HTTP/1.1" 201 470 "-" "PostmanRuntime/7.32.3"
::1 - - [16/Jun/2023:14:16:57 +0000] "PUT /api/v1/admin/user/648c6eaa8055ac81ed330d0a HTTP/1.1" 403 81 "-" "PostmanRuntime/7.32.3"
::1 - - [16/Jun/2023:14:17:30 +0000] "POST /api/v1/login HTTP/1.1" 200 474 "-" "PostmanRuntime/7.32.3"
::1 - - [16/Jun/2023:14:17:34 +0000] "PUT /api/v1/admin/user/648c6eaa8055ac81ed330d0a HTTP/1.1" 200 16 "-" "PostmanRuntime/7.32.3"
::1 - - [16/Jun/2023:14:17:47 +0000] "PUT /api/v1/admin/user/648c6eaa8055ac81ed330d0a HTTP/1.1" 200 16 "-" "PostmanRuntime/7.32.3"
::1 - - [16/Jun/2023:14:20:01 +0000] "DELETE /api/v1/admin/user/648c6eaa8055ac81ed330d0a HTTP/1.1" 200 55 "-" "PostmanRuntime/7.32.3"
::1 - - [22/Jun/2023:10:42:38 +0000] "POST /api/v1/login HTTP/1.1" 200 474 "-" "PostmanRuntime/7.32.3"
::1 - - [22/Jun/2023:10:43:38 +0000] "POST /api/v1/admin/product/new HTTP/1.1" 200 407 "-" "PostmanRuntime/7.32.3"
::1 - - [22/Jun/2023:10:43:55 +0000] "GET /api/v1/products HTTP/1.1" 200 1738 "-" "PostmanRuntime/7.32.3"
::1 - - [22/Jun/2023:10:44:18 +0000] "GET /api/v1/products?page=3 HTTP/1.1" 200 1941 "-" "PostmanRuntime/7.32.3"
::1 - - [22/Jun/2023:10:44:27 +0000] "GET /api/v1/products?page=4 HTTP/1.1" 200 1566 "-" "PostmanRuntime/7.32.3"
::1 - - [22/Jun/2023:10:48:21 +0000] "PUT /api/v1/review HTTP/1.1" 200 16 "-" "PostmanRuntime/7.32.3"
::1 - - [22/Jun/2023:10:48:26 +0000] "GET /api/v1/products?page=4 HTTP/1.1" 200 1704 "-" "PostmanRuntime/7.32.3"
::1 - - [22/Jun/2023:12:21:33 +0000] "POST /api/v1/admin/product/new HTTP/1.1" 200 407 "-" "PostmanRuntime/7.32.3"
::1 - - [22/Jun/2023:12:21:40 +0000] "GET /api/v1/products?page=4 HTTP/1.1" 200 48 "-" "PostmanRuntime/7.32.3"
::1 - - [22/Jun/2023:12:21:44 +0000] "GET /api/v1/products?page= HTTP/1.1" 200 425 "-" "PostmanRuntime/7.32.3"
::1 - - [22/Jun/2023:12:21:51 +0000] "GET /api/v1/products HTTP/1.1" 200 425 "-" "PostmanRuntime/7.32.3"
::1 - - [22/Jun/2023:12:22:55 +0000] "PUT /api/v1/review HTTP/1.1" 500 76 "-" "PostmanRuntime/7.32.3"
::1 - - [22/Jun/2023:12:23:34 +0000] "POST /api/v1/register HTTP/1.1" 201 471 "-" "PostmanRuntime/7.32.3"
::1 - - [22/Jun/2023:12:24:25 +0000] "POST /api/v1/admin/product/new HTTP/1.1" 403 81 "-" "PostmanRuntime/7.32.3"
::1 - - [22/Jun/2023:12:24:52 +0000] "POST /api/v1/login HTTP/1.1" 200 471 "-" "PostmanRuntime/7.32.3"
::1 - - [22/Jun/2023:12:24:59 +0000] "GET /api/v1/products HTTP/1.1" 200 425 "-" "PostmanRuntime/7.32.3"
::1 - - [22/Jun/2023:12:25:57 +0000] "PUT /api/v1/review HTTP/1.1" 200 16 "-" "PostmanRuntime/7.32.3"
::1 - - [22/Jun/2023:12:26:41 +0000] "POST /api/v1/register HTTP/1.1" 201 472 "-" "PostmanRuntime/7.32.3"
::1 - - [22/Jun/2023:12:26:49 +0000] "POST /api/v1/login HTTP/1.1" 200 472 "-" "PostmanRuntime/7.32.3"
::1 - - [22/Jun/2023:12:27:02 +0000] "PUT /api/v1/review HTTP/1.1" 200 16 "-" "PostmanRuntime/7.32.3"
::1 - - [22/Jun/2023:14:36:03 +0000] "GET /api/v1/logout HTTP/1.1" 200 53 "-" "PostmanRuntime/7.32.3"
::1 - - [22/Jun/2023:14:36:14 +0000] "POST /api/v1/login HTTP/1.1" 200 472 "-" "PostmanRuntime/7.32.3"
::1 - - [22/Jun/2023:14:37:58 +0000] "GET /api/v1/admin/users HTTP/1.1" 200 415 "-" "PostmanRuntime/7.32.3"
::1 - - [22/Jun/2023:14:38:12 +0000] "DELETE /api/v1/admin/user/64943e01aaad6fa1a50b695c HTTP/1.1" 200 55 "-" "PostmanRuntime/7.32.3"
::1 - - [22/Jun/2023:15:27:08 +0000] "GET /api/v1/reviews HTTP/1.1" 404 48 "-" "PostmanRuntime/7.32.3"
::1 - - [22/Jun/2023:15:27:31 +0000] "GET /api/v1/products HTTP/1.1" 200 696 "-" "PostmanRuntime/7.32.3"
::1 - - [22/Jun/2023:15:27:42 +0000] "GET /api/v1/reviews?id=64943ccdaaad6fa1a50b6944 HTTP/1.1" 200 298 "-" "PostmanRuntime/7.32.3"
::1 - - [22/Jun/2023:15:31:55 +0000] "DELETE /api/v1/reviews?productId=64943ccdaaad6fa1a50b6944&id=64943d46aaad6fa1a50b6950 HTTP/1.1" 500 80 "-" "PostmanRuntime/7.32.3"
::1 - - [22/Jun/2023:15:33:04 +0000] "DELETE /api/v1/reviews?productId=64943ccdaaad6fa1a50b6944&id=64943d46aaad6fa1a50b6950 HTTP/1.1" 500 80 "-" "PostmanRuntime/7.32.3"
::1 - - [22/Jun/2023:15:33:09 +0000] "GET /api/v1/reviews?id=64943ccdaaad6fa1a50b6944 HTTP/1.1" 200 298 "-" "PostmanRuntime/7.32.3"
::1 - - [22/Jun/2023:15:33:15 +0000] "GET /api/v1/products HTTP/1.1" 200 696 "-" "PostmanRuntime/7.32.3"
::1 - - [22/Jun/2023:15:33:46 +0000] "DELETE /api/v1/reviews?productId=64943ccdaaad6fa1a50b6944&id=64943e01aaad6fa1a50b695c HTTP/1.1" 500 80 "-" "PostmanRuntime/7.32.3"
::1 - - [22/Jun/2023:15:34:02 +0000] "DELETE /api/v1/reviews?id=64943e01aaad6fa1a50b695c&productId=64943ccdaaad6fa1a50b6944 HTTP/1.1" 500 80 "-" "PostmanRuntime/7.32.3"
::1 - - [22/Jun/2023:15:34:07 +0000] "DELETE /api/v1/reviews?id=64943e01aaad6fa1a50b695c&productId=64943ccdaaad6fa1a50b6944 HTTP/1.1" 500 80 "-" "PostmanRuntime/7.32.3"
::1 - - [22/Jun/2023:15:34:23 +0000] "DELETE /api/v1/reviews?id=64943e01aaad6fa1a50b695c&productId=64943ccdaaad6fa1a50b6944 HTTP/1.1" 500 648 "-" "PostmanRuntime/7.32.3"
::1 - - [22/Jun/2023:15:35:22 +0000] "DELETE /api/v1/reviews?id=64943e01aaad6fa1a50b695c&productId=64943ccdaaad6fa1a50b6944 HTTP/1.1" 200 16 "-" "PostmanRuntime/7.32.3"
::1 - - [22/Jun/2023:15:35:28 +0000] "GET /api/v1/products HTTP/1.1" 200 696 "-" "PostmanRuntime/7.32.3"
::1 - - [22/Jun/2023:15:35:53 +0000] "DELETE /api/v1/reviews?id=64943e01aaad6fa1a50b695c&productId=64943ccdaaad6fa1a50b6944 HTTP/1.1" 200 16 "-" "PostmanRuntime/7.32.3"
::1 - - [22/Jun/2023:15:37:12 +0000] "DELETE /api/v1/reviews?id=64943e01aaad6fa1a50b695c&productId=64943ccdaaad6fa1a50b6944 HTTP/1.1" 200 16 "-" "PostmanRuntime/7.32.3"
::1 - - [22/Jun/2023:15:37:17 +0000] "GET /api/v1/reviews?id=64943ccdaaad6fa1a50b6944 HTTP/1.1" 200 298 "-" "PostmanRuntime/7.32.3"
::1 - - [22/Jun/2023:15:37:46 +0000] "DELETE /api/v1/reviews?id=64943e01aaad6fa1a50b695c&productId=64943dd5aaad6fa1a50b695a HTTP/1.1" 404 48 "-" "PostmanRuntime/7.32.3"
::1 - - [22/Jun/2023:15:37:56 +0000] "GET /api/v1/products HTTP/1.1" 200 696 "-" "PostmanRuntime/7.32.3"
::1 - - [22/Jun/2023:15:38:27 +0000] "DELETE /api/v1/reviews?id=64943dd5aaad6fa1a50b695a&productId=64943ccdaaad6fa1a50b6944 HTTP/1.1" 200 16 "-" "PostmanRuntime/7.32.3"
::1 - - [22/Jun/2023:15:38:30 +0000] "GET /api/v1/products HTTP/1.1" 200 559 "-" "PostmanRuntime/7.32.3"
::1 - - [22/Jun/2023:18:24:01 +0000] "GET /api/v1/products HTTP/1.1" 200 559 "-" "PostmanRuntime/7.32.3"
::1 - - [22/Jun/2023:18:24:08 +0000] "GET /api/v1/products?keyword=redmi HTTP/1.1" 200 48 "-" "PostmanRuntime/7.32.3"
::1 - - [22/Jun/2023:18:24:34 +0000] "GET /api/v1/products HTTP/1.1" 200 559 "-" "PostmanRuntime/7.32.3"
::1 - - [22/Jun/2023:18:24:46 +0000] "GET /api/v1/products?keyword=redmi HTTP/1.1" 200 48 "-" "PostmanRuntime/7.32.3"
::1 - - [22/Jun/2023:18:25:15 +0000] "GET /api/v1/products?price[gt]=50000 HTTP/1.1" 200 559 "-" "PostmanRuntime/7.32.3"
::1 - - [22/Jun/2023:18:25:52 +0000] "GET /api/v1/products?price[gt]=50000 HTTP/1.1" 200 559 "-" "PostmanRuntime/7.32.3"
::1 - - [22/Jun/2023:18:26:29 +0000] "GET /api/v1/products?price[gt]=50000 HTTP/1.1" 200 559 "-" "PostmanRuntime/7.32.3"
::1 - - [22/Jun/2023:18:27:25 +0000] "GET /api/v1/products?price[gt]=50000 HTTP/1.1" 200 559 "-" "PostmanRuntime/7.32.3"
::1 - - [22/Jun/2023:18:27:35 +0000] "GET /api/v1/products?price[gt]=500000 HTTP/1.1" 200 48 "-" "PostmanRuntime/7.32.3"
::1 - - [22/Jun/2023:18:27:40 +0000] "GET /api/v1/products?price[gt]=50000 HTTP/1.1" 200 559 "-" "PostmanRuntime/7.32.3"
::1 - - [22/Jun/2023:21:18:47 +0000] "POST /api/v1/order/new HTTP/1.1" 500 540 "-" "PostmanRuntime/7.32.3"
::1 - - [22/Jun/2023:21:23:40 +0000] "GET /api/v1/products?price[gt]=50000 HTTP/1.1" 200 559 "-" "PostmanRuntime/7.32.3"
::1 - - [22/Jun/2023:21:26:27 +0000] "POST /api/v1/order/new HTTP/1.1" 500 117 "-" "PostmanRuntime/7.32.3"
::1 - - [22/Jun/2023:21:27:55 +0000] "POST /api/v1/order/new HTTP/1.1" 500 117 "-" "PostmanRuntime/7.32.3"
::1 - - [23/Jun/2023:14:42:00 +0000] "POST /api/v1/order/new HTTP/1.1" 500 117 "-" "PostmanRuntime/7.32.3"
::1 - - [23/Jun/2023:14:45:49 +0000] "POST /api/v1/order/new HTTP/1.1" - - "-" "PostmanRuntime/7.32.3"
::1 - - [23/Jun/2023:14:46:42 +0000] "POST /api/v1/login HTTP/1.1" 200 472 "-" "PostmanRuntime/7.32.3"
::1 - - [23/Jun/2023:14:46:46 +0000] "POST /api/v1/order/new HTTP/1.1" - - "-" "PostmanRuntime/7.32.3"
::1 - - [23/Jun/2023:14:47:34 +0000] "POST /api/v1/order/new HTTP/1.1" 200 615 "-" "PostmanRuntime/7.32.3"
::1 - - [23/Jun/2023:14:48:17 +0000] "POST /api/v1/order/new HTTP/1.1" 200 615 "-" "PostmanRuntime/7.32.3"
::1 - - [23/Jun/2023:15:20:05 +0000] "GET /api/v1/order/6495b0b1a8e9c25334e8fe3a HTTP/1.1" 500 145 "-" "PostmanRuntime/7.32.3"
::1 - - [23/Jun/2023:15:20:32 +0000] "GET /api/v1/order/6495b0b1a8e9c25334e8fe3a HTTP/1.1" 500 113 "-" "PostmanRuntime/7.32.3"
::1 - - [23/Jun/2023:15:21:00 +0000] "GET /api/v1/order/6495b0b1a8e9c25334e8fe3a HTTP/1.1" 500 145 "-" "PostmanRuntime/7.32.3"
::1 - - [23/Jun/2023:15:22:16 +0000] "GET /api/v1/order/6495b0b1a8e9c25334e8fe3a HTTP/1.1" 500 113 "-" "PostmanRuntime/7.32.3"
::1 - - [23/Jun/2023:15:22:32 +0000] "GET /api/v1/order/6495b0b1a8e9c25334e8fe3a HTTP/1.1" 200 675 "-" "PostmanRuntime/7.32.3"
::1 - - [23/Jun/2023:15:23:38 +0000] "GET /api/v1/order/6495b0b1a8e9c25334e8fe3a HTTP/1.1" 200 615 "-" "PostmanRuntime/7.32.3"
::1 - - [23/Jun/2023:15:24:24 +0000] "GET /api/v1/order/6495b0b1a8e9c25334e8fe3a HTTP/1.1" 500 146 "-" "PostmanRuntime/7.32.3"
::1 - - [23/Jun/2023:15:24:32 +0000] "GET /api/v1/order/6495b0b1a8e9c25334e8fe3a HTTP/1.1" 500 146 "-" "PostmanRuntime/7.32.3"
::1 - - [23/Jun/2023:15:25:18 +0000] "GET /api/v1/order/6495b0b1a8e9c25334e8fe3a HTTP/1.1" 500 146 "-" "PostmanRuntime/7.32.3"
::1 - - [23/Jun/2023:15:25:25 +0000] "GET /api/v1/order/6495b0b1a8e9c25334e8fe3a HTTP/1.1" 500 146 "-" "PostmanRuntime/7.32.3"
::1 - - [23/Jun/2023:15:25:35 +0000] "GET /api/v1/order/6495b0b1a8e9c25334e8fe3a HTTP/1.1" 200 675 "-" "PostmanRuntime/7.32.3"
::1 - - [23/Jun/2023:15:30:00 +0000] "GET /api/v1/order/me HTTP/1.1" 400 62 "-" "PostmanRuntime/7.32.3"
::1 - - [23/Jun/2023:15:30:11 +0000] "GET /api/v1/order/me HTTP/1.1" 400 62 "-" "PostmanRuntime/7.32.3"
::1 - - [23/Jun/2023:15:30:16 +0000] "GET /api/v1/order/me HTTP/1.1" 400 62 "-" "PostmanRuntime/7.32.3"
::1 - - [23/Jun/2023:15:30:27 +0000] "GET /api/v1/order/me HTTP/1.1" 400 62 "-" "PostmanRuntime/7.32.3"
::1 - - [23/Jun/2023:17:19:43 +0000] "GET /api/v1/order/me HTTP/1.1" 400 62 "-" "PostmanRuntime/7.32.3"
::1 - - [23/Jun/2023:17:19:46 +0000] "GET /api/v1/order/me HTTP/1.1" 400 62 "-" "PostmanRuntime/7.32.3"
::1 - - [23/Jun/2023:17:20:44 +0000] "GET /api/v1/order/me HTTP/1.1" 400 62 "-" "PostmanRuntime/7.32.3"
::1 - - [23/Jun/2023:17:21:25 +0000] "POST /api/v1/login HTTP/1.1" 200 472 "-" "PostmanRuntime/7.32.3"
::1 - - [23/Jun/2023:17:21:31 +0000] "GET /api/v1/order/me HTTP/1.1" 400 62 "-" "PostmanRuntime/7.32.3"
::1 - - [23/Jun/2023:17:22:07 +0000] "GET /api/v1/order/me HTTP/1.1" 400 1503 "-" "PostmanRuntime/7.32.3"
::1 - - [23/Jun/2023:17:22:34 +0000] "GET /api/v1/order/me HTTP/1.1" 400 62 "-" "PostmanRuntime/7.32.3"
::1 - - [23/Jun/2023:17:22:41 +0000] "GET /api/v1/orders/me HTTP/1.1" 200 618 "-" "PostmanRuntime/7.32.3"
::1 - - [23/Jun/2023:17:23:15 +0000] "GET /api/v1/admin/users HTTP/1.1" 200 222 "-" "PostmanRuntime/7.32.3"
::1 - - [23/Jun/2023:17:34:02 +0000] "GET /api/v1/admin/orders HTTP/1.1" 200 636 "-" "PostmanRuntime/7.32.3"
::1 - - [23/Jun/2023:17:43:53 +0000] "GET /api/v1/admin/orders HTTP/1.1" 200 636 "-" "PostmanRuntime/7.32.3"
::1 - - [23/Jun/2023:17:57:06 +0000] "PUT /api/v1/admin/order/6495b0b1a8e9c25334e8fe3a HTTP/1.1" 200 16 "-" "PostmanRuntime/7.32.3"
::1 - - [23/Jun/2023:17:57:12 +0000] "GET /api/v1/admin/orders HTTP/1.1" 200 636 "-" "PostmanRuntime/7.32.3"
::1 - - [23/Jun/2023:17:57:37 +0000] "PUT /api/v1/admin/order/6495b0b1a8e9c25334e8fe3a HTTP/1.1" 200 16 "-" "PostmanRuntime/7.32.3"
::1 - - [23/Jun/2023:17:57:41 +0000] "GET /api/v1/admin/orders HTTP/1.1" 200 676 "-" "PostmanRuntime/7.32.3"
::1 - - [23/Jun/2023:17:57:55 +0000] "PUT /api/v1/admin/order/6495b0b1a8e9c25334e8fe3a HTTP/1.1" 400 68 "-" "PostmanRuntime/7.32.3"
::1 - - [23/Jun/2023:17:58:33 +0000] "GET /api/v1/products HTTP/1.1" 200 560 "-" "PostmanRuntime/7.32.3"
::1 - - [23/Jun/2023:18:11:37 +0000] "GET /api/v1/admin/orders HTTP/1.1" 200 676 "-" "PostmanRuntime/7.32.3"
::1 - - [23/Jun/2023:18:12:27 +0000] "DELETE /api/v1/admin/order/6495b0b1a8e9c25334e8fe3a HTTP/1.1" 500 60 "-" "PostmanRuntime/7.32.3"
::1 - - [23/Jun/2023:18:12:49 +0000] "GET /api/v1/admin/orders HTTP/1.1" 200 676 "-" "PostmanRuntime/7.32.3"
::1 - - [23/Jun/2023:18:15:37 +0000] "DELETE /api/v1/admin/order/6495b0b1a8e9c25334e8fe3a HTTP/1.1" 500 60 "-" "PostmanRuntime/7.32.3"
::1 - - [23/Jun/2023:18:16:49 +0000] "DELETE /api/v1/admin/order/6495b0b1a8e9c25334e8fe3a HTTP/1.1" 500 60 "-" "PostmanRuntime/7.32.3"
::1 - - [23/Jun/2023:18:16:53 +0000] "DELETE /api/v1/admin/order/6495b0b1a8e9c25334e8fe3a HTTP/1.1" 500 60 "-" "PostmanRuntime/7.32.3"
::1 - - [23/Jun/2023:18:17:06 +0000] "GET /api/v1/admin/orders HTTP/1.1" 200 676 "-" "PostmanRuntime/7.32.3"
::1 - - [23/Jun/2023:18:17:42 +0000] "PUT /api/v1/admin/order/6495b0b1a8e9c25334e8fe3a HTTP/1.1" 400 68 "-" "PostmanRuntime/7.32.3"
::1 - - [23/Jun/2023:18:17:47 +0000] "DELETE /api/v1/admin/order/6495b0b1a8e9c25334e8fe3a HTTP/1.1" 500 60 "-" "PostmanRuntime/7.32.3"
::1 - - [23/Jun/2023:18:18:00 +0000] "DELETE /api/v1/admin/order/6495b0b1a8e9c25334e8fe3a HTTP/1.1" 500 60 "-" "PostmanRuntime/7.32.3"
::1 - - [23/Jun/2023:18:18:08 +0000] "DELETE /api/v1/admin/order/6495b0b1a8e9c25334e8fe3a HTTP/1.1" 500 60 "-" "PostmanRuntime/7.32.3"
::1 - - [23/Jun/2023:18:18:54 +0000] "DELETE /api/v1/admin/order/6495b0b1a8e9c25334e8fe3a HTTP/1.1" 200 16 "-" "PostmanRuntime/7.32.3"
::1 - - [23/Jun/2023:18:18:58 +0000] "GET /api/v1/admin/orders HTTP/1.1" 200 44 "-" "PostmanRuntime/7.32.3"
::1 - - [23/Jun/2023:18:19:04 +0000] "PUT /api/v1/admin/order/6495b0b1a8e9c25334e8fe3a HTTP/1.1" 404 46 "-" "PostmanRuntime/7.32.3"
::1 - - [23/Jun/2023:18:19:12 +0000] "DELETE /api/v1/admin/order/6495b0b1a8e9c25334e8fe3a HTTP/1.1" 404 46 "-" "PostmanRuntime/7.32.3"
